0 info it worked if it ends with ok
1 verbose cli [ '/Applications/Atom Beta.app/Contents/Resources/app/apm/bin/node',
1 verbose cli   '/Applications/Atom Beta.app/Contents/Resources/app/apm/node_modules/npm/bin/npm-cli.js',
1 verbose cli   'version',
1 verbose cli   'patch',
1 verbose cli   '-m',
1 verbose cli   'Prepare %s release' ]
2 info using npm@3.10.10
3 info using node@v6.9.5
4 info git [ 'status', '--porcelain' ]
5 verbose stack Error: Git working directory not clean.
5 verbose stack M README.MD
5 verbose stack M keymaps/markdown-footnote.cson
5 verbose stack D lib/markdown-footnote.coffee
5 verbose stack M menus/markdown-footnote.cson
5 verbose stack M node_modules/charenc/package.json
5 verbose stack M node_modules/crypt/package.json
5 verbose stack M node_modules/is-buffer/package.json
5 verbose stack M node_modules/md5/package.json
5 verbose stack M package.json
5 verbose stack     at /Applications/Atom Beta.app/Contents/Resources/app/apm/node_modules/npm/lib/version.js:247:19
5 verbose stack     at /Applications/Atom Beta.app/Contents/Resources/app/apm/node_modules/npm/lib/utils/no-progress-while-running.js:21:8
5 verbose stack     at ChildProcess.exithandler (child_process.js:197:7)
5 verbose stack     at emitTwo (events.js:106:13)
5 verbose stack     at ChildProcess.emit (events.js:191:7)
5 verbose stack     at maybeClose (internal/child_process.js:877:16)
5 verbose stack     at Socket.<anonymous> (internal/child_process.js:334:11)
5 verbose stack     at emitOne (events.js:96:13)
5 verbose stack     at Socket.emit (events.js:188:7)
5 verbose stack     at Pipe._handle.close [as _onclose] (net.js:498:12)
6 verbose cwd /Users/ba8389/markdown-footnote
7 error Darwin 17.4.0
8 error argv "/Applications/Atom Beta.app/Contents/Resources/app/apm/bin/node" "/Applications/Atom Beta.app/Contents/Resources/app/apm/node_modules/npm/bin/npm-cli.js" "version" "patch" "-m" "Prepare %s release"
9 error node v6.9.5
10 error npm  v3.10.10
11 error Git working directory not clean.
11 error M README.MD
11 error M keymaps/markdown-footnote.cson
11 error D lib/markdown-footnote.coffee
11 error M menus/markdown-footnote.cson
11 error M node_modules/charenc/package.json
11 error M node_modules/crypt/package.json
11 error M node_modules/is-buffer/package.json
11 error M node_modules/md5/package.json
11 error M package.json
12 error If you need help, you may report this error at:
12 error     <https://github.com/npm/npm/issues>
13 verbose exit [ 1, true ]
